<?xml version="1.0" encoding="UTF-8"?>
<testsuite xmlns:xsi="http://www.w3.org/2001/XMLSchema-instance" xsi:noNamespaceSchemaLocation="https://maven.apache.org/surefire/maven-surefire-plugin/xsd/surefire-test-report-3.0.xsd" version="3.0" name="TestSuite" time="19.576" tests="1" errors="0" skipped="0" failures="0">
  <properties>
[...]
</properties>
  <testcase name="Test1" classname="tests.WebAutomationTest" time="15.67">
    <system-out><![CDATA[[TestNGContentHandler] [WARN] It is strongly recommended to add "<!DOCTYPE suite SYSTEM "http://testng.org/testng-1.0.dtd" >" at the top of your file, otherwise TestNG may fail or not work as expected.
About this item
Resolution : 8K QLED (7680 x 4320) resolution | Refresh Rate : 120 Hertz
Connectivity: 4 HDMI ports to connect set top box, Blu-ray speakers or a gaming console | 3 USB ports to connect hard drives or other USB devices
Sound: 70 Watts Output | Powerful Speakers with Dolby Digital Plus | Object Tracking Sound | Q Symphony
Smart TV Features : Prime Video, Hotstar, Netflix, Zee5 and more | Voice Assistant: Alexa. Bixby and Google Voice Assistant | Far Field Voice Interaction | Tap View | Multi View
Display : 8K Neo QLED Panel | Neo Slim Design | HDR10 + | 100% Color Volume with Quantum Dot | Quantum HDR 24x
Warranty Information: 1 Year warranty provided by manufacturer from date of purchase and 1 Year Additional on Panel
Installation: For requesting installation/wall mounting/demo of this product once delivered, please directly call Samsung support on [1800407267864 / 180057267864] and provide product's model name as well as seller's details mentioned on the invoice
Easy Returns: This product is eligible for replacement within 10 days of delivery in case of any product defects, damage or features not matching the description
]]></system-out>
    <system-err><![CDATA[SLF4J: Failed to load class "org.slf4j.impl.StaticLoggerBinder".
SLF4J: Defaulting to no-operation (NOP) logger implementation
SLF4J: See http://www.slf4j.org/codes.html#StaticLoggerBinder for further details.
log4j:WARN No appenders could be found for logger (io.netty.util.internal.logging.InternalLoggerFactory).
log4j:WARN Please initialize the log4j system properly.
log4j:WARN See http://logging.apache.org/log4j/1.2/faq.html#noconfig for more info.
Starting ChromeDriver 99.0.4844.51 (d537ec02474b5afe23684e7963d538896c63ac77-refs/branch-heads/4844@{#875}) on port 62587
Only local connections are allowed.
Please see https://chromedriver.chromium.org/security-considerations for suggestions on keeping ChromeDriver safe.
ChromeDriver was started successfully.
Apr 03, 2022 3:08:41 PM org.openqa.selenium.remote.ProtocolHandshake createSession
INFO: Detected dialect: W3C
Apr 03, 2022 3:08:41 PM org.openqa.selenium.devtools.CdpVersionFinder findNearestMatch
INFO: Found exact CDP implementation for version 99
]]></system-err>
  </testcase>
</testsuite>