<?xml version="1.0" encoding="UTF-8"?>
<testng-results total="1" passed="1" failed="0" skipped="0">
  <reporter-output>
  </reporter-output>
  <suite started-at="2022-04-03T09:38:39Z" name="Suite" finished-at="2022-04-03T09:38:57Z" duration-ms="18318">
    <groups>
    </groups>
    <test started-at="2022-04-03T09:38:39Z" name="Test" finished-at="2022-04-03T09:38:57Z" duration-ms="18318">
      <class name="tests.WebAutomationTest">
        <test-method is-config="true" signature="setUp()[pri:0, instance:tests.WebAutomationTest@56928307]" started-at="2022-04-03T15:08:39Z" name="setUp" finished-at="2022-04-03T15:08:41Z" duration-ms="2224" status="PASS">
          <reporter-output>
          </reporter-output>
        </test-method> <!-- setUp -->
        <test-method signature="Test1()[pri:0, instance:tests.WebAutomationTest@56928307]" started-at="2022-04-03T15:08:41Z" name="Test1" finished-at="2022-04-03T15:08:56Z" duration-ms="15723" status="PASS">
          <reporter-output>
          </reporter-output>
        </test-method> <!-- Test1 -->
        <test-method is-config="true" signature="tearDown()[pri:0, instance:tests.WebAutomationTest@56928307]" started-at="2022-04-03T15:08:56Z" name="tearDown" finished-at="2022-04-03T15:08:57Z" duration-ms="361" status="PASS">
          <reporter-output>
          </reporter-output>
        </test-method> <!-- tearDown -->
      </class> <!-- tests.WebAutomationTest -->
    </test> <!-- Test -->
  </suite> <!-- Suite -->
</testng-results>
